make all --print-data-base --no-builtin-variables --no-builtin-rules --question
# GNU Make 3.81
# Copyright (C) 2006  Free Software Foundation, Inc.
# This is free software; see the source for copying conditions.
# There is NO warranty; not even for MERCHANTABILITY or FITNESS FOR A
# PARTICULAR PURPOSE.

# This program built for i386-apple-darwin11.3.0

# Make data base, printed on Thu May 19 14:26:08 2022

# Variables

# automatic
<D = $(patsubst %/,%,$(dir $<))
# automatic
?F = $(notdir $?)
# environment
gvm_go_name = go1.17.1
# environment
VSCODE_LOG_NATIVE = false
# automatic
?D = $(patsubst %/,%,$(dir $?))
# automatic
@D = $(patsubst %/,%,$(dir $@))
# automatic
@F = $(notdir $@)
# makefile
CURDIR := /Users/fazrin.adinugraha/Dev/antre-grpc
# makefile
SHELL = /bin/sh
# environment
VSCODE_NLS_CONFIG = {"locale":"en-us","availableLanguages":{},"_languagePackSupport":true}
# environment
_ = /usr/bin/make
# environment
GVM_ROOT = /Users/fazrin.adinugraha/.gvm
# makefile (from `Makefile', line 1)
MAKEFILE_LIST :=  Makefile
# environment
VSCODE_AMD_ENTRYPOINT = vs/workbench/api/node/extensionHostProcess
# environment
VSCODE_VERBOSE_LOGGING = true
# environment
__CFBundleIdentifier = com.microsoft.VSCode
# environment
INFOPATH = /opt/homebrew/share/info:
# environment
P9K_SSH = 0
# environment
GVM_PATH_BACKUP = /Users/fazrin.adinugraha/.gvm/bin:/opt/homebrew/bin:/opt/homebrew/sbin:/usr/local/bin:/usr/bin:/bin:/usr/sbin:/sbin:/Library/Apple/usr/bin://Applications/Postgres.app/Contents/Versions/11/bin:/Users/fazrin.adinugraha/Dev/flutter/bin:/Users/fazrin.adinugraha:/Users/fazrin.adinugraha/.pub-cache/bin
# environment
VSCODE_IPC_HOOK_EXTHOST = /var/folders/d4/6c8zgxtx6lz5fv8n9sbnb4440000gn/T/vscode-ipc-3c947abf-43e4-434b-85a8-5a39f5a30cca.sock
# environment
VSCODE_CWD = /
# environment
GOPROXY = https://proxy.golang.org,direct
# environment
PATH = /Users/fazrin.adinugraha/.gvm/gos/go1.17.1/bin:/opt/homebrew/opt/go@1.16/bin:/Users/fazrin.adinugraha/.gvm/pkgsets/go1.17.1/global/bin:/Users/fazrin.adinugraha/.gvm/pkgsets/go1.17.1/global/overlay/bin:/Users/fazrin.adinugraha/.gvm/bin:/Users/fazrin.adinugraha/.gvm/bin:/opt/homebrew/bin:/opt/homebrew/sbin:/usr/local/bin:/usr/bin:/bin:/usr/sbin:/sbin:/Library/Apple/usr/bin://Applications/Postgres.app/Contents/Versions/11/bin:/Users/fazrin.adinugraha/Dev/flutter/bin:/Users/fazrin.adinugraha:/Users/fazrin.adinugraha/.pub-cache/bin:/Users/fazrin.adinugraha/.gvm/pkgsets/go1.17.1/global/bin
# environment
LSCOLORS = Gxfxcxdxbxegedabagacad
# environment
SOMETHING = Development
# environment
GOPATH = /Users/fazrin.adinugraha/.gvm/pkgsets/go1.17.1/global
# environment
VSCODE_LOG_STACK = false
# environment
ELECTRON_RUN_AS_NODE = 1
# default
.FEATURES := target-specific order-only second-expansion else-if archives jobserver check-symlink
# environment
SSH_AUTH_SOCK = /private/tmp/com.apple.launchd.WuMlGu3Gxw/Listeners
# automatic
%F = $(notdir $%)
# environment
GOBIN = /Users/fazrin.adinugraha/.gvm/pkgsets/go1.17.1/global/bin
# environment
ISLOCAL = 1
# environment
VSCODE_PIPE_LOGGING = true
# environment
PWD = /Users/fazrin.adinugraha/Dev/antre-grpc
# environment
HOMEBREW_CELLAR = /opt/homebrew/Cellar
# environment
PKG_CONFIG_PATH = /Users/fazrin.adinugraha/.gvm/pkgsets/go1.17.1/global/overlay/lib/pkgconfig:
# environment
ORIGINAL_XDG_CURRENT_DESKTOP = undefined
# environment
MANPATH = /opt/homebrew/share/man::
# environment
GOMODCACHE = /Users/fazrin.adinugraha/.gvm/pkgsets/go1.17.1/global/pkg/mod
# environment
HOME = /Users/fazrin.adinugraha
# environment
LD_LIBRARY_PATH = /Users/fazrin.adinugraha/.gvm/pkgsets/go1.17.1/global/overlay/lib:
# default
MAKEFILEPATH := /Applications/Xcode.app/Contents/Developer/Makefiles
# environment
VSCODE_CODE_CACHE_PATH = /Users/fazrin.adinugraha/Library/Application Support/Code/CachedData/da15b6fd3ef856477bf6f4fb29ba1b7af717770d
# environment
LOGNAME = fazrin.adinugraha
# environment
APPLICATION_INSIGHTS_NO_DIAGNOSTIC_CHANNEL = 1
# environment
ZSH = /Users/fazrin.adinugraha/.oh-my-zsh
# environment
VSCODE_HANDLES_UNCAUGHT_ERRORS = true
# automatic
^D = $(patsubst %/,%,$(dir $^))
# environment
GVM_VERSION = 1.0.22
# environment
XPC_FLAGS = 0x0
# default
MAKE = $(MAKE_COMMAND)
# default
MAKECMDGOALS := all
# environment
SHLVL = 1
# environment
GVM_OVERLAY_PREFIX = /Users/fazrin.adinugraha/.gvm/pkgsets/go1.17.1/global/overlay
# environment
gvm_pkgset_name = global
# default
MAKE_VERSION := 3.81
# environment
USER = fazrin.adinugraha
# makefile
.DEFAULT_GOAL := generate-go
# environment
GOROOT = /Users/fazrin.adinugraha/.gvm/gos/go1.17.1
# environment
LESS = -R
# automatic
%D = $(patsubst %/,%,$(dir $%))
# default
MAKE_COMMAND := /Applications/Xcode.app/Contents/Developer/usr/bin/make
# default
.VARIABLES := 
# environment
TMPDIR = /var/folders/d4/6c8zgxtx6lz5fv8n9sbnb4440000gn/T/
# automatic
*F = $(notdir $*)
# environment
VSCODE_IPC_HOOK = /Users/fazrin.adinugraha/Library/Application Support/Code/1.67.1-main.sock
# makefile
MAKEFLAGS = Rrqp
# environment
MFLAGS = -Rrqp
# automatic
*D = $(patsubst %/,%,$(dir $*))
# environment
XPC_SERVICE_NAME = application.com.microsoft.VSCode.37375428.37375434
# environment
HOMEBREW_PREFIX = /opt/homebrew
# automatic
+D = $(patsubst %/,%,$(dir $+))
# automatic
+F = $(notdir $+)
# environment
HOMEBREW_REPOSITORY = /opt/homebrew
# environment
__CF_USER_TEXT_ENCODING = 0x1F5:0x0:0x0
# environment
COMMAND_MODE = unix2003
# default
MAKEFILES := 
# automatic
<F = $(notdir $<)
# environment
PAGER = less
# environment
LC_ALL = C
# automatic
^F = $(notdir $^)
# default
SUFFIXES := 
# default
.INCLUDE_DIRS = /usr/local/include
# environment
MAKELEVEL := 0
# environment
EINHORN_FDS = 
# environment
LANG = C
# environment
VSCODE_PID = 58342
# variable set hash-table stats:
# Load=88/1024=9%, Rehash=0, Collisions=2/112=2%

# Pattern-specific Variable Values

# No pattern-specific variable values.

# Directories

# . (device 16777234, inode 39306019): 8 files, no impossibilities.

# 8 files, no impossibilities in 1 directories.

# Implicit Rules

# No implicit rules.

# Files

# Not a target:
all:
#  Command-line target.
#  Implicit rule search has been done.
#  File does not exist.
#  File has not been updated.
# variable set hash-table stats:
# Load=0/32=0%, Rehash=0, Collisions=0/0=0%

generate-go:
#  Implicit rule search has not been done.
#  Modification time never checked.
#  File has not been updated.
#  commands to execute (from `Makefile', line 4):
	protoc -I protobuf --go_out=./go --go_opt=module=github.com/eifzed/antre-grpc/protobuf --go-grpc_out=./go --go-grpc_opt=module=github.com/eifzed/antre-grpc/protobuf protobuf/antre.proto
	

# Not a target:
.SUFFIXES:
#  Implicit rule search has not been done.
#  Modification time never checked.
#  File has not been updated.

# Not a target:
Makefile:
#  Implicit rule search has been done.
#  Last modified 2022-05-19 14:25:52
#  File has been updated.
#  Successfully updated.
# variable set hash-table stats:
# Load=0/32=0%, Rehash=0, Collisions=0/0=0%

generate:
#  Implicit rule search has not been done.
#  Modification time never checked.
#  File has not been updated.
#  commands to execute (from `Makefile', line 11):
	protoc -I pb --go_out=./pb --go_opt=module=github.com/eifzed/ares/pb --go-grpc_out=./pb --go-grpc_opt=module=github.com/eifzed/ares/pb pb/ares.proto
	protoc -I pb --dart_out=./pb pb/ares.proto google/protobuf/timestamp.proto
	

generate-dart:
#  Implicit rule search has not been done.
#  Modification time never checked.
#  File has not been updated.
#  commands to execute (from `Makefile', line 7):
	protoc -I protobuf --dart_out=./dart protobuf/antre.proto google/protobuf/empty.proto
	

# Not a target:
.DEFAULT:
#  Implicit rule search has not been done.
#  Modification time never checked.
#  File has not been updated.

# files hash-table stats:
# Load=7/1024=1%, Rehash=0, Collisions=0/19=0%
# VPATH Search Paths

# No `vpath' search paths.

# No general (`VPATH' variable) search path.

# # of strings in strcache: 1
# # of strcache buffers: 1
# strcache size: total = 4096 / max = 4096 / min = 4096 / avg = 4096
# strcache free: total = 4087 / max = 4087 / min = 4087 / avg = 4087

# Finished Make data base on Thu May 19 14:26:08 2022

 
make: *** No rule to make target `all'.  Stop.

